<?xml version="1.0" encoding="UTF-8"?>
<testsuite name="Regression Test"
           tests="3"
           failures="0"
           errors="0"
           skipped="0"
           time="7.597">
  <properties />
  
  
            <testcase name="verifyThatFirstNameLastNameEmailAndPasswordAndConfirmPasswordFieldsAreMandatory" time="1.594" classname="com.nopcommerce.testsuite.RegisterPageTest" />
                <testcase name="VerifyThatUserShouldCreateAccountSuccessfully" time="4.432" classname="com.nopcommerce.testsuite.RegisterPageTest" />
                <testcase name="verifyUserShouldNavigateToRegisterPagsuccessFully" time="1.571" classname="com.nopcommerce.testsuite.RegisterPageTest" />
      
</testsuite>
